ncvlog(64): 15.20-s079: (c) Copyright 1995-2019 Cadence Design Systems, Inc.
TOOL:	ncvlog(64)	15.20-s079: Started on Apr 12, 2025 at 01:56:00 PDT
ncvlog
    -64BIT
    -STATUS
    -UPDATE
    -incdir ./include
    -MESSAGES
    -incdir /usr/local/synopsys/Design_Compiler/K-2015.06-SP5-5/dw/sim_ver
    -work work
    ./tb/tb_cmp.v

file: ./tb/tb_cmp.v
	module work.dmem
		errors: 0, warnings: 0
	module work.imem
		errors: 0, warnings: 0
	module work.AND2X1
		errors: 0, warnings: 0
	module work.AND2X2
		errors: 0, warnings: 0
	module work.AOI21X1
		errors: 0, warnings: 0
	module work.AOI22X1
		errors: 0, warnings: 0
	module work.BUFX2
		errors: 0, warnings: 0
	module work.BUFX4
		errors: 0, warnings: 0
	module work.CLKBUF1
		errors: 0, warnings: 0
	module work.CLKBUF2
		errors: 0, warnings: 0
	module work.CLKBUF3
		errors: 0, warnings: 0
	module work.DFFNEGX1
		errors: 0, warnings: 0
	module work.DFFPOSX1
		errors: 0, warnings: 0
	module work.DFFSR
		errors: 0, warnings: 0
	module work.FAX1
		errors: 0, warnings: 0
	module work.HAX1
		errors: 0, warnings: 0
	module work.INVX1
		errors: 0, warnings: 0
	module work.INVX2
		errors: 0, warnings: 0
	module work.INVX4
		errors: 0, warnings: 0
	module work.INVX8
		errors: 0, warnings: 0
	module work.LATCH
		errors: 0, warnings: 0
	module work.MUX2X1
		errors: 0, warnings: 0
	module work.NAND2X1
		errors: 0, warnings: 0
	module work.NAND3X1
		errors: 0, warnings: 0
	module work.NOR2X1
		errors: 0, warnings: 0
	module work.NOR3X1
		errors: 0, warnings: 0
	module work.OAI21X1
		errors: 0, warnings: 0
	module work.OAI22X1
		errors: 0, warnings: 0
	module work.OR2X1
		errors: 0, warnings: 0
	module work.OR2X2
		errors: 0, warnings: 0
	module work.TBUFX1
		errors: 0, warnings: 0
	module work.TBUFX2
		errors: 0, warnings: 0
	module work.XNOR2X1
		errors: 0, warnings: 0
	module work.XOR2X1
		errors: 0, warnings: 0
	primitive work.udp_dff
		errors: 0, warnings: 0
	primitive work.udp_tlat
		errors: 0, warnings: 0
	primitive work.udp_rslat
		errors: 0, warnings: 0
	primitive work.udp_mux2
		errors: 0, warnings: 0
	module work.tb_cmp
		errors: 0, warnings: 0
ncvlog: Memory Usage - 21.4M program + 28.6M data = 49.9M total
ncvlog: CPU Usage - 0.0s system + 0.0s user = 0.1s total (0.1s, 100.0% cpu)
TOOL:	ncvlog(64)	15.20-s079: Exiting on Apr 12, 2025 at 01:56:00 PDT  (total: 00:00:00)
